<?xml version="1.0" encoding="UTF-8"?>
<!-- Generated by org.testng.reporters.JUnitXMLReporter -->
<testsuite hostname="DESKTOP-QRB56CU" name="Default test(failed)" tests="5" failures="0" timestamp="22 Sep 2024 19:24:00 GMT" time="129.687" errors="0">
  <testcase name="addNewAddress" time="18.202" classname="testCases.AddressbookPageTest"/>
  <testcase name="addNewAddress" time="18.172" classname="testCases.AddressbookPageTest"/>
  <testcase name="addNewAddress" time="18.081" classname="testCases.AddressbookPageTest"/>
  <testcase name="addNewAddress" time="18.09" classname="testCases.AddressbookPageTest"/>
  <testcase name="addNewAddress" time="18.314" classname="testCases.AddressbookPageTest"/>
</testsuite> <!-- Default test(failed) -->
