<?xml version="1.0" encoding="UTF-8"?>
<!-- Generated by org.testng.reporters.JUnitXMLReporter -->
<testsuite hostname="DESKTOP-QRB56CU" ignored="0" name="Test" tests="9" failures="4" timestamp="2024-09-22T15:18:55 EDT" time="150.183" errors="0">
  <testcase name="addNewAddress" time="18.478" classname="testCases.AddressbookPageTest"/>
  <testcase name="addNewAddress" time="18.138" classname="testCases.AddressbookPageTest"/>
  <testcase name="addNewAddress" time="18.179" classname="testCases.AddressbookPageTest"/>
  <testcase name="addNewAddress" time="18.567" classname="testCases.AddressbookPageTest"/>
  <testcase name="addNewAddress" time="6.01" classname="testCases.AddressbookPageTest">
    <failure type="org.openqa.selenium.NoSuchElementException" message="Cannot locate option with text: Palestinian Territory
For documentation on this error, please visit: https://www.selenium.dev/documentation/webdriver/troubleshooting/errors#no-such-element-exception
Build info: version: &amp;apos;4.13.0&amp;apos;, revision: &amp;apos;ba948ece5b*&amp;apos;
System info: os.name: &amp;apos;Windows 10&amp;apos;, os.arch: &amp;apos;amd64&amp;apos;, os.version: &amp;apos;10.0&amp;apos;, java.version: &amp;apos;1.8.0_333&amp;apos;
Driver info: driver.version: unknown">
      <![CDATA[org.openqa.selenium.NoSuchElementException: Cannot locate option with text: Palestinian Territory
For documentation on this error, please visit: https://www.selenium.dev/documentation/webdriver/troubleshooting/errors#no-such-element-exception
Build info: version: '4.13.0', revision: 'ba948ece5b*'
System info: os.name: 'Windows 10', os.arch: 'amd64', os.version: '10.0', java.version: '1.8.0_333'
Driver info: driver.version: unknown
at org.openqa.selenium.support.ui.Select.selectByVisibleText(Select.java:153)
at pageObjects.AddressBookPage.newAddressWithAllFields(AddressBookPage.java:125)
at testCases.AddressbookPageTest.addNewAddress(AddressbookPageTest.java:73)
at java.util.ArrayList.forEach(ArrayList.java:1259)
... Removed 31 stack frames]]>
    </failure>
  </testcase> <!-- addNewAddress -->
  <testcase name="verifyLoginWithInvalidIdAndInvalidPassword" time="1.031" classname="testCases.LoginPageTest">
    <failure type="java.lang.AssertionError" message="expected [Warning: Your account has exceeded allowed number of login attempts. Please try again in 1 hour.] but found [Warning: No match for E-Mail Address and/or Password.]">
      <![CDATA[java.lang.AssertionError: expected [Warning: Your account has exceeded allowed number of login attempts. Please try again in 1 hour.] but found [Warning: No match for E-Mail Address and/or Password.]
at testCases.LoginPageTest.verifyLoginWithInvalidIdAndInvalidPassword(LoginPageTest.java:47)
at java.util.ArrayList.forEach(ArrayList.java:1259)
... Removed 37 stack frames]]>
    </failure>
  </testcase> <!-- verifyLoginWithInvalidIdAndInvalidPassword -->
  <testcase name="verifyLoginWithInvalidIdAndvalidPassword" time="0.95" classname="testCases.LoginPageTest">
    <failure type="java.lang.AssertionError" message="expected [Warning: Your account has exceeded allowed number of login attempts. Please try again in 1 hour.] but found [Warning: No match for E-Mail Address and/or Password.]">
      <![CDATA[java.lang.AssertionError: expected [Warning: Your account has exceeded allowed number of login attempts. Please try again in 1 hour.] but found [Warning: No match for E-Mail Address and/or Password.]
at testCases.LoginPageTest.verifyLoginWithInvalidIdAndvalidPassword(LoginPageTest.java:41)
at java.util.ArrayList.forEach(ArrayList.java:1259)
... Removed 37 stack frames]]>
    </failure>
  </testcase> <!-- verifyLoginWithInvalidIdAndvalidPassword -->
  <testcase name="verifyLoginWithValidCredentials" time="1.284" classname="testCases.LoginPageTest"/>
  <testcase name="verifyLoginWithvalidIdAndInvalidPassword" time="1.117" classname="testCases.LoginPageTest">
    <failure type="java.lang.AssertionError" message="expected [true] but found [false]">
      <![CDATA[java.lang.AssertionError: expected [true] but found [false]
at testCases.LoginPageTest.verifyLoginWithvalidIdAndInvalidPassword(LoginPageTest.java:35)
at java.util.ArrayList.forEach(ArrayList.java:1259)
... Removed 37 stack frames]]>
    </failure>
  </testcase> <!-- verifyLoginWithvalidIdAndInvalidPassword -->
</testsuite> <!-- Test -->
